#
# There is insufficient memory for the Java Runtime Environment to continue.
# Native memory allocation (malloc) failed to allocate 316976 bytes for Chunk::new
# Possible reasons:
#   The system is out of physical RAM or swap space
#   In 32 bit mode, the process size limit was hit
# Possible solutions:
#   Reduce memory load on the system
#   Increase physical memory or swap space
#   Check if swap backing store is full
#   Use 64 bit Java on a 64 bit OS
#   Decrease Java heap size (-Xmx/-Xms)
#   Decrease number of Java threads
#   Decrease Java thread stack sizes (-Xss)
#   Set larger code cache with -XX:ReservedCodeCacheSize=
# This output file may be truncated or incomplete.
#
#  Out of Memory Error (allocation.cpp:390), pid=3092, tid=0x00000000000008e4
#
# JRE version: OpenJDK Runtime Environment (8.0_112-b06) (build 1.8.0_112-release-b06)
# Java VM: OpenJDK 64-Bit Server VM (25.112-b06 mixed mode windows-amd64 compressed oops)
# Failed to write core dump. Minidumps are not enabled by default on client versions of Windows
#

---------------  T H R E A D  ---------------

Current thread (0x000000001658f800):  JavaThread "C2 CompilerThread0" daemon [_thread_in_native, id=2276, stack(0x0000000017bc0000,0x0000000017cc0000)]

Stack: [0x0000000017bc0000,0x0000000017cc0000]
[error occurred during error reporting (printing stack bounds), id 0xc0000005]

Native frames: (J=compiled Java code, j=interpreted, Vv=VM code, C=native code)


Current CompileTask:
C2: 385026 11299       4       com.android.dx.ssa.SCCP::addUsersToWorklist (103 bytes)


---------------  P R O C E S S  ---------------

Java Threads: ( => current thread )
  0x000000001cd80800 JavaThread "pool-4-thread-4" [_thread_in_Java, id=10124, stack(0x0000000023150000,0x0000000023250000)]
  0x000000001cd86800 JavaThread "pool-4-thread-3" [_thread_in_Java, id=11224, stack(0x0000000023050000,0x0000000023150000)]
  0x000000001cd87800 JavaThread "pool-4-thread-2" [_thread_blocked, id=7444, stack(0x0000000022f50000,0x0000000023050000)]
  0x000000001cd85000 JavaThread "pool-5-thread-1" [_thread_blocked, id=6384, stack(0x0000000022e50000,0x0000000022f50000)]
  0x000000001cd84800 JavaThread "pool-4-thread-1" [_thread_blocked, id=8896, stack(0x0000000022d50000,0x0000000022e50000)]
  0x000000001cd82000 JavaThread "pool-3-thread-1" [_thread_in_native, id=11108, stack(0x0000000022b50000,0x0000000022c50000)]
  0x000000001cd83800 JavaThread "Cache update executor" [_thread_blocked, id=7688, stack(0x0000000022850000,0x0000000022950000)]
  0x000000001cd81800 JavaThread "Stdin handler" [_thread_blocked, id=8212, stack(0x0000000022750000,0x0000000022850000)]
  0x000000001cd80000 JavaThread "Asynchronous log dispatcher for DefaultDaemonConnection: socket connection from /127.0.0.1:63755 to /127.0.0.1:63816" [_thread_blocked, id=9100, stack(0x0000000022650000,0x0000000022750000)]
  0x000000001cd83000 JavaThread "Daemon worker Thread 2" [_thread_blocked, id=5376, stack(0x0000000022310000,0x0000000022410000)]
  0x000000001cd86000 JavaThread "Cancel handler" [_thread_blocked, id=7560, stack(0x0000000020ef0000,0x0000000020ff0000)]
  0x000000001cd7f000 JavaThread "Handler for socket connection from /127.0.0.1:63755 to /127.0.0.1:63816" [_thread_in_native, id=3896, stack(0x0000000020df0000,0x0000000020ef0000)]
  0x0000000019ac6000 JavaThread "Daemon Thread 2" [_thread_blocked, id=8100, stack(0x00000000206f0000,0x00000000207f0000)]
  0x000000001a25f000 JavaThread "File lock request listener" [_thread_in_native, id=7496, stack(0x000000001bbc0000,0x000000001bcc0000)]
  0x000000001995e000 JavaThread "pool-1-thread-1" [_thread_blocked, id=1604, stack(0x000000001b4c0000,0x000000001b5c0000)]
  0x00000000196fb800 JavaThread "Incoming local TCP Connector on port 63755" [_thread_in_native, id=7120, stack(0x0000000019c90000,0x0000000019d90000)]
  0x0000000017f29800 JavaThread "Service Thread" daemon [_thread_blocked, id=7256, stack(0x00000000182c0000,0x00000000183c0000)]
  0x00000000165dc000 JavaThread "C1 CompilerThread2" daemon [_thread_blocked, id=2272, stack(0x0000000017dc0000,0x0000000017ec0000)]
  0x00000000165d4800 JavaThread "C2 CompilerThread1" daemon [_thread_in_native, id=1188, stack(0x0000000017cc0000,0x0000000017dc0000)]
=>0x000000001658f800 JavaThread "C2 CompilerThread0" daemon [_thread_in_native, id=2276, stack(0x0000000017bc0000,0x0000000017cc0000)]
  0x000000001658e000 JavaThread "Attach Listener" daemon [_thread_blocked, id=5400, stack(0x0000000017ac0000,0x0000000017bc0000)]
  0x0000000016578800 JavaThread "Signal Dispatcher" daemon [_thread_blocked, id=2260, stack(0x00000000179c0000,0x0000000017ac0000)]
  0x0000000002c0d000 JavaThread "Finalizer" daemon [_thread_blocked, id=11952, stack(0x00000000177d0000,0x00000000178d0000)]
  0x0000000002c02800 JavaThread "Reference Handler" daemon [_thread_blocked, id=7696, stack(0x00000000176d0000,0x00000000177d0000)]
  0x000000000276e000 JavaThread "main" [_thread_blocked, id=6388, stack(0x0000000002600000,0x0000000002700000)]

Other Threads:
  0x0000000016546000 VMThread [stack: 0x00000000175d0000,0x00000000176d0000] [id=11336]
  0x0000000017f3c800 WatcherThread [stack: 0x00000000183c0000,0x00000000184c0000] [id=7848]

VM state:not at safepoint (normal execution)

VM Mutex/Monitor currently owned by a thread: None

Heap:
 PSYoungGen      total 370176K, used 288041K [0x00000000e0000000, 0x00000000fab80000, 0x0000000100000000)
  eden space 318464K, 90% used [0x00000000e0000000,0x00000000f194a5d8,0x00000000f3700000)
  from space 51712K, 0% used [0x00000000f6d00000,0x00000000f6d00000,0x00000000f9f80000)
  to   space 55296K, 0% used [0x00000000f3700000,0x00000000f3700000,0x00000000f6d00000)
 ParOldGen       total 236544K, used 144825K [0x00000000a0000000, 0x00000000ae700000, 0x00000000e0000000)
  object space 236544K, 61% used [0x00000000a0000000,0x00000000a8d6e4b8,0x00000000ae700000)
 Metaspace       used 65330K, capacity 67978K, committed 68224K, reserved 1107968K
  class space    used 8620K, capacity 9260K, committed 9344K, reserved 1048576K

Card table byte_map: [0x0000000011fd0000,0x00000000122e0000] byte_map_base: 0x0000000011ad0000

Marking Bits: (ParMarkBitMap*) 0x000000006d6c18f0
 Begin Bits: [0x00000000128e0000, 0x00000000140e0000)
 End Bits:   [0x00000000140e0000, 0x00000000158e0000)

Polling page: 0x0000000000da0000

CodeCache: size=245760Kb used=36160Kb max_used=36160Kb free=209599Kb
 bounds [0x0000000002c10000, 0x0000000005050000, 0x0000000011c10000]
 total_blobs=10263 nmethods=9484 adapters=690
 compilation: enabled

Compilation events (10 events):
Event: 383.131 Thread 0x000000001658f800 nmethod 11295 0x0000000003166590 code [0x00000000031666e0, 0x0000000003166ab8]
Event: 383.132 Thread 0x000000001658f800 11299       4       com.android.dx.ssa.SCCP::addUsersToWorklist (103 bytes)
Event: 384.590 Thread 0x00000000165dc000 11332       2       java.util.zip.ZipFile::finalize (5 bytes)
Event: 384.590 Thread 0x00000000165dc000 nmethod 11332 0x0000000004b056d0 code [0x0000000004b05840, 0x0000000004b059c8]
Event: 384.591 Thread 0x00000000165dc000 11333 %     3       java.util.concurrent.ConcurrentHashMap::comparableClassFor @ 32 (105 bytes)
Event: 384.592 Thread 0x00000000165dc000 nmethod 11333% 0x00000000046a8390 code [0x00000000046a85a0, 0x00000000046a91e8]
Event: 384.635 Thread 0x00000000165dc000 11336 %     3       com.android.dx.cf.direct.StdAttributeFactory::lineNumberTable @ 100 (204 bytes)
Event: 384.640 Thread 0x00000000165dc000 nmethod 11336% 0x0000000003881f50 code [0x0000000003882400, 0x0000000003885258]
Event: 384.640 Thread 0x00000000165dc000 11337       2       java.util.concurrent.ConcurrentHashMap$TreeBin::rotateLeft (91 bytes)
Event: 384.641 Thread 0x00000000165dc000 nmethod 11337 0x00000000048f8a10 code [0x00000000048f8b60, 0x00000000048f8db0]

GC Heap History (10 events):
Event: 374.972 GC heap before
{Heap before GC invocations=26 (full 4):
 PSYoungGen      total 288768K, used 27828K [0x00000000e0000000, 0x00000000f4600000, 0x0000000100000000)
  eden space 254976K, 0% used [0x00000000e0000000,0x00000000e0000000,0x00000000ef900000)
  from space 33792K, 82% used [0x00000000f1d80000,0x00000000f38ad090,0x00000000f3e80000)
  to   space 37376K, 0% used [0x00000000ef900000,0x00000000ef900000,0x00000000f1d80000)
 ParOldGen       total 86016K, used 83789K [0x00000000a0000000, 0x00000000a5400000, 0x00000000e0000000)
  object space 86016K, 97% used [0x00000000a0000000,0x00000000a51d36a8,0x00000000a5400000)
 Metaspace       used 65295K, capacity 67914K, committed 68224K, reserved 1107968K
  class space    used 8620K, capacity 9260K, committed 9344K, reserved 1048576K
Event: 376.570 GC heap after
Heap after GC invocations=26 (full 4):
 PSYoungGen      total 288768K, used 23019K [0x00000000e0000000, 0x00000000f4600000, 0x0000000100000000)
  eden space 254976K, 0% used [0x00000000e0000000,0x00000000e0000000,0x00000000ef900000)
  from space 33792K, 68% used [0x00000000f1d80000,0x00000000f33fae68,0x00000000f3e80000)
  to   space 37376K, 0% used [0x00000000ef900000,0x00000000ef900000,0x00000000f1d80000)
 ParOldGen       total 141824K, used 85566K [0x00000000a0000000, 0x00000000a8a80000, 0x00000000e0000000)
  object space 141824K, 60% used [0x00000000a0000000,0x00000000a538fbf0,0x00000000a8a80000)
 Metaspace       used 65295K, capacity 67914K, committed 68224K, reserved 1107968K
  class space    used 8620K, capacity 9260K, committed 9344K, reserved 1048576K
}
Event: 378.132 GC heap before
{Heap before GC invocations=27 (full 4):
 PSYoungGen      total 288768K, used 277995K [0x00000000e0000000, 0x00000000f4600000, 0x0000000100000000)
  eden space 254976K, 100% used [0x00000000e0000000,0x00000000ef900000,0x00000000ef900000)
  from space 33792K, 68% used [0x00000000f1d80000,0x00000000f33fae68,0x00000000f3e80000)
  to   space 37376K, 0% used [0x00000000ef900000,0x00000000ef900000,0x00000000f1d80000)
 ParOldGen       total 141824K, used 85566K [0x00000000a0000000, 0x00000000a8a80000, 0x00000000e0000000)
  object space 141824K, 60% used [0x00000000a0000000,0x00000000a538fbf0,0x00000000a8a80000)
 Metaspace       used 65306K, capacity 67914K, committed 68224K, reserved 1107968K
  class space    used 8620K, capacity 9260K, committed 9344K, reserved 1048576K
Event: 378.269 GC heap after
Heap after GC invocations=27 (full 4):
 PSYoungGen      total 292352K, used 37352K [0x00000000e0000000, 0x00000000f9f80000, 0x0000000100000000)
  eden space 254976K, 0% used [0x00000000e0000000,0x00000000e0000000,0x00000000ef900000)
  from space 37376K, 99% used [0x00000000ef900000,0x00000000f1d7a2d0,0x00000000f1d80000)
  to   space 51712K, 0% used [0x00000000f6d00000,0x00000000f6d00000,0x00000000f9f80000)
 ParOldGen       total 141824K, used 108373K [0x00000000a0000000, 0x00000000a8a80000, 0x00000000e0000000)
  object space 141824K, 76% used [0x00000000a0000000,0x00000000a69d5650,0x00000000a8a80000)
 Metaspace       used 65306K, capacity 67914K, committed 68224K, reserved 1107968K
  class space    used 8620K, capacity 9260K, committed 9344K, reserved 1048576K
}
Event: 380.147 GC heap before
{Heap before GC invocations=28 (full 4):
 PSYoungGen      total 292352K, used 292328K [0x00000000e0000000, 0x00000000f9f80000, 0x0000000100000000)
  eden space 254976K, 100% used [0x00000000e0000000,0x00000000ef900000,0x00000000ef900000)
  from space 37376K, 99% used [0x00000000ef900000,0x00000000f1d7a2d0,0x00000000f1d80000)
  to   space 51712K, 0% used [0x00000000f6d00000,0x00000000f6d00000,0x00000000f9f80000)
 ParOldGen       total 141824K, used 108373K [0x00000000a0000000, 0x00000000a8a80000, 0x00000000e0000000)
  object space 141824K, 76% used [0x00000000a0000000,0x00000000a69d5650,0x00000000a8a80000)
 Metaspace       used 65314K, capacity 67914K, committed 68224K, reserved 1107968K
  class space    used 8620K, capacity 9260K, committed 9344K, reserved 1048576K
Event: 380.314 GC heap after
Heap after GC invocations=28 (full 4):
 PSYoungGen      total 370176K, used 37777K [0x00000000e0000000, 0x00000000fab80000, 0x0000000100000000)
  eden space 318464K, 0% used [0x00000000e0000000,0x00000000e0000000,0x00000000f3700000)
  from space 51712K, 73% used [0x00000000f6d00000,0x00000000f91e45b0,0x00000000f9f80000)
  to   space 55296K, 0% used [0x00000000f3700000,0x00000000f3700000,0x00000000f6d00000)
 ParOldGen       total 144896K, used 144404K [0x00000000a0000000, 0x00000000a8d80000, 0x00000000e0000000)
  object space 144896K, 99% used [0x00000000a0000000,0x00000000a8d05028,0x00000000a8d80000)
 Metaspace       used 65314K, capacity 67914K, committed 68224K, reserved 1107968K
  class space    used 8620K, capacity 9260K, committed 9344K, reserved 1048576K
}
Event: 380.314 GC heap before
{Heap before GC invocations=29 (full 5):
 PSYoungGen      total 370176K, used 37777K [0x00000000e0000000, 0x00000000fab80000, 0x0000000100000000)
  eden space 318464K, 0% used [0x00000000e0000000,0x00000000e0000000,0x00000000f3700000)
  from space 51712K, 73% used [0x00000000f6d00000,0x00000000f91e45b0,0x00000000f9f80000)
  to   space 55296K, 0% used [0x00000000f3700000,0x00000000f3700000,0x00000000f6d00000)
 ParOldGen       total 144896K, used 144404K [0x00000000a0000000, 0x00000000a8d80000, 0x00000000e0000000)
  object space 144896K, 99% used [0x00000000a0000000,0x00000000a8d05028,0x00000000a8d80000)
 Metaspace       used 65314K, capacity 67914K, committed 68224K, reserved 1107968K
  class space    used 8620K, capacity 9260K, committed 9344K, reserved 1048576K
Event: 381.734 GC heap after
Heap after GC invocations=29 (full 5):
 PSYoungGen      total 370176K, used 35982K [0x00000000e0000000, 0x00000000fab80000, 0x0000000100000000)
  eden space 318464K, 0% used [0x00000000e0000000,0x00000000e0000000,0x00000000f3700000)
  from space 51712K, 69% used [0x00000000f6d00000,0x00000000f9023b80,0x00000000f9f80000)
  to   space 55296K, 0% used [0x00000000f3700000,0x00000000f3700000,0x00000000f6d00000)
 ParOldGen       total 144896K, used 144533K [0x00000000a0000000, 0x00000000a8d80000, 0x00000000e0000000)
  object space 144896K, 99% used [0x00000000a0000000,0x00000000a8d25648,0x00000000a8d80000)
 Metaspace       used 65314K, capacity 67914K, committed 68224K, reserved 1107968K
  class space    used 8620K, capacity 9260K, committed 9344K, reserved 1048576K
}
Event: 383.174 GC heap before
{Heap before GC invocations=30 (full 6):
 PSYoungGen      total 370176K, used 354446K [0x00000000e0000000, 0x00000000fab80000, 0x0000000100000000)
  eden space 318464K, 100% used [0x00000000e0000000,0x00000000f3700000,0x00000000f3700000)
  from space 51712K, 69% used [0x00000000f6d00000,0x00000000f9023b80,0x00000000f9f80000)
  to   space 55296K, 0% used [0x00000000f3700000,0x00000000f3700000,0x00000000f6d00000)
 ParOldGen       total 144896K, used 144533K [0x00000000a0000000, 0x00000000a8d80000, 0x00000000e0000000)
  object space 144896K, 99% used [0x00000000a0000000,0x00000000a8d25648,0x00000000a8d80000)
 Metaspace       used 65319K, capacity 67914K, committed 68224K, reserved 1107968K
  class space    used 8620K, capacity 9260K, committed 9344K, reserved 1048576K
Event: 384.589 GC heap after
Heap after GC invocations=30 (full 6):
 PSYoungGen      total 370176K, used 73258K [0x00000000e0000000, 0x00000000fab80000, 0x0000000100000000)
  eden space 318464K, 23% used [0x00000000e0000000,0x00000000e478aa68,0x00000000f3700000)
  from space 51712K, 0% used [0x00000000f6d00000,0x00000000f6d00000,0x00000000f9f80000)
  to   space 55296K, 0% used [0x00000000f3700000,0x00000000f3700000,0x00000000f6d00000)
 ParOldGen       total 236544K, used 144825K [0x00000000a0000000, 0x00000000ae700000, 0x00000000e0000000)
  object space 236544K, 61% used [0x00000000a0000000,0x00000000a8d6e4b8,0x00000000ae700000)
 Metaspace       used 65319K, capacity 67914K, committed 68224K, reserved 1107968K
  class space    used 8620K, capacity 9260K, committed 9344K, reserved 1048576K
}

Deoptimization events (10 events):
Event: 379.641 Thread 0x000000001cd86800 Uncommon trap: reason=unstable_if action=reinterpret pc=0x0000000004ecd1a4 method=com.android.dx.ssa.LocalVariableExtractor.processBlock(I)V @ 251
Event: 380.108 Thread 0x000000001cd82000 Uncommon trap: reason=bimorphic action=maybe_recompile pc=0x000000000494991c method=com.android.dx.cf.code.BytecodeArray.parseInstruction(ILcom/android/dx/cf/code/BytecodeArray$Visitor;)I @ 1161
Event: 380.108 Thread 0x000000001cd82000 Uncommon trap: reason=bimorphic action=maybe_recompile pc=0x000000000494991c method=com.android.dx.cf.code.BytecodeArray.parseInstruction(ILcom/android/dx/cf/code/BytecodeArray$Visitor;)I @ 1161
Event: 382.129 Thread 0x000000001cd80800 Uncommon trap: reason=unstable_if action=reinterpret pc=0x0000000004a11b00 method=java.util.concurrent.ConcurrentHashMap.get(Ljava/lang/Object;)Ljava/lang/Object; @ 86
Event: 382.129 Thread 0x000000001cd80800 Uncommon trap: reason=unstable_if action=reinterpret pc=0x00000000036ede7c method=java.util.concurrent.ConcurrentHashMap.putVal(Ljava/lang/Object;Ljava/lang/Object;Z)Ljava/lang/Object; @ 113
Event: 382.129 Thread 0x000000001cd80800 Uncommon trap: reason=unstable_if action=reinterpret pc=0x000000000312b844 method=java.util.concurrent.ConcurrentHashMap.transfer([Ljava/util/concurrent/ConcurrentHashMap$Node;[Ljava/util/concurrent/ConcurrentHashMap$Node;)V @ 34
Event: 382.129 Thread 0x000000001cd82000 Uncommon trap: reason=unstable_if action=reinterpret pc=0x000000000312b874 method=java.util.concurrent.ConcurrentHashMap.transfer([Ljava/util/concurrent/ConcurrentHashMap$Node;[Ljava/util/concurrent/ConcurrentHashMap$Node;)V @ 277
Event: 382.129 Thread 0x000000001cd80800 Uncommon trap: reason=unstable_if action=reinterpret pc=0x000000000319802c method=java.util.concurrent.ConcurrentHashMap.transfer([Ljava/util/concurrent/ConcurrentHashMap$Node;[Ljava/util/concurrent/ConcurrentHashMap$Node;)V @ 277
Event: 382.771 Thread 0x000000001cd82000 Uncommon trap: reason=bimorphic action=maybe_recompile pc=0x0000000004ff7f8c method=com.android.dx.cf.code.BytecodeArray.parseInstruction(ILcom/android/dx/cf/code/BytecodeArray$Visitor;)I @ 1224
Event: 382.771 Thread 0x000000001cd82000 Uncommon trap: reason=bimorphic action=maybe_recompile pc=0x0000000004ff7f8c method=com.android.dx.cf.code.BytecodeArray.parseInstruction(ILcom/android/dx/cf/code/BytecodeArray$Visitor;)I @ 1224

Internal exceptions (10 events):
Event: 350.918 Thread 0x000000001cd83000 Exception <a 'sun/nio/fs/WindowsException'> (0x00000000e231a8e0) thrown at [C:\src\android\AOSP-openjdk\external\jetbrains\jdk\hotspot\src\share\vm\prims\jni.cpp, line 709]
Event: 350.918 Thread 0x000000001cd83000 Exception <a 'sun/nio/fs/WindowsException'> (0x00000000e231b618) thrown at [C:\src\android\AOSP-openjdk\external\jetbrains\jdk\hotspot\src\share\vm\prims\jni.cpp, line 709]
Event: 352.945 Thread 0x000000001cd83000 Implicit null exception at 0x0000000003b1c2ad to 0x0000000003b1ce85
Event: 353.253 Thread 0x000000001cd83000 Exception <a 'java/lang/NoSuchMethodError': <clinit>> (0x00000000e3d3d390) thrown at [C:\src\android\AOSP-openjdk\external\jetbrains\jdk\hotspot\src\share\vm\prims\jni.cpp, line 1613]
Event: 353.254 Thread 0x000000001cd83000 Exception <a 'java/lang/NoSuchMethodError': <clinit>> (0x00000000e3d4abf8) thrown at [C:\src\android\AOSP-openjdk\external\jetbrains\jdk\hotspot\src\share\vm\prims\jni.cpp, line 1613]
Event: 353.270 Thread 0x000000001cd83000 Exception <a 'java/lang/NoSuchMethodError': <clinit>> (0x00000000e3dbee40) thrown at [C:\src\android\AOSP-openjdk\external\jetbrains\jdk\hotspot\src\share\vm\prims\jni.cpp, line 1613]
Event: 353.272 Thread 0x000000001cd83000 Exception <a 'java/lang/NoSuchMethodError': <clinit>> (0x00000000e3dd7b98) thrown at [C:\src\android\AOSP-openjdk\external\jetbrains\jdk\hotspot\src\share\vm\prims\jni.cpp, line 1613]
Event: 353.272 Thread 0x000000001cd83000 Exception <a 'java/lang/NoSuchMethodError': <clinit>> (0x00000000e3dd9818) thrown at [C:\src\android\AOSP-openjdk\external\jetbrains\jdk\hotspot\src\share\vm\prims\jni.cpp, line 1613]
Event: 365.107 Thread 0x000000001cd83000 Implicit null exception at 0x00000000045d25a5 to 0x00000000045d3b2d
Event: 370.120 Thread 0x000000001cd80800 Implicit null exception at 0x0000000004ac815a to 0x0000000004ac9aa9

Events (10 events):
Event: 383.161 Thread 0x000000001cd80800 DEOPT PACKING pc=0x00000000037a9de9 sp=0x000000002324e580
Event: 383.161 Thread 0x000000001cd80800 DEOPT UNPACKING pc=0x0000000002c575bf sp=0x000000002324e310 mode 0
Event: 383.167 Thread 0x000000001cd80800 DEOPT PACKING pc=0x0000000003af562a sp=0x000000002324e330
Event: 383.167 Thread 0x000000001cd80800 DEOPT UNPACKING pc=0x0000000002c575bf sp=0x000000002324e0b0 mode 0
Event: 383.174 Executing VM operation: ParallelGCFailedAllocation
Event: 384.589 Executing VM operation: ParallelGCFailedAllocation done
Event: 384.617 Thread 0x000000001cd87800 DEOPT PACKING pc=0x00000000037a9d95 sp=0x000000002304e600
Event: 384.617 Thread 0x000000001cd87800 DEOPT UNPACKING pc=0x0000000002c575bf sp=0x000000002304e390 mode 0
Event: 384.641 Thread 0x000000001cd84800 DEOPT PACKING pc=0x00000000037a9de9 sp=0x0000000022e4ede0
Event: 384.641 Thread 0x000000001cd84800 DEOPT UNPACKING pc=0x0000000002c575bf sp=0x0000000022e4eb70 mode 0


Dynamic libraries:
0x00007ff6ffc30000 - 0x00007ff6ffc61000 	C:\Program Files\Android\Android Studio\jre\bin\java.exe
0x00007ffe477f0000 - 0x00007ffe479cb000 	C:\WINDOWS\SYSTEM32\ntdll.dll
0x00007ffe2a030000 - 0x00007ffe2a063000 	C:\Program Files\AVAST Software\Avast\x64\aswhooka.dll
0x00007ffe454c0000 - 0x00007ffe4556e000 	C:\WINDOWS\System32\KERNEL32.DLL
0x00007ffe43e20000 - 0x00007ffe44069000 	C:\WINDOWS\System32\KERNELBASE.dll
0x00007ffe452a0000 - 0x00007ffe45341000 	C:\WINDOWS\System32\ADVAPI32.dll
0x00007ffe45200000 - 0x00007ffe4529d000 	C:\WINDOWS\System32\msvcrt.dll
0x00007ffe46110000 - 0x00007ffe46169000 	C:\WINDOWS\System32\sechost.dll
0x00007ffe46170000 - 0x00007ffe46295000 	C:\WINDOWS\System32\RPCRT4.dll
0x00007ffe44db0000 - 0x00007ffe44efa000 	C:\WINDOWS\System32\USER32.dll
0x00007ffe44070000 - 0x00007ffe4408e000 	C:\WINDOWS\System32\win32u.dll
0x00007ffe44d50000 - 0x00007ffe44d77000 	C:\WINDOWS\System32\GDI32.dll
0x00007ffe44130000 - 0x00007ffe442b8000 	C:\WINDOWS\System32\gdi32full.dll
0x00007ffe44090000 - 0x00007ffe4412a000 	C:\WINDOWS\System32\msvcp_win.dll
0x00007ffe449c0000 - 0x00007ffe44ab6000 	C:\WINDOWS\System32\ucrtbase.dll
0x00007ffe38860000 - 0x00007ffe38ac7000 	C:\WINDOWS\WinSxS\amd64_microsoft.windows.common-controls_6595b64144ccf1df_6.0.15063.483_none_26002d27e7c744a2\COMCTL32.dll
0x00007ffe44f00000 - 0x00007ffe451f9000 	C:\WINDOWS\System32\combase.dll
0x00007ffe44ce0000 - 0x00007ffe44d4a000 	C:\WINDOWS\System32\bcryptPrimitives.dll
0x00007ffe45690000 - 0x00007ffe456bd000 	C:\WINDOWS\System32\IMM32.DLL
0x000000006ce20000 - 0x000000006cef2000 	C:\Program Files\Android\Android Studio\jre\jre\bin\msvcr100.dll
0x000000006cf00000 - 0x000000006d73c000 	C:\Program Files\Android\Android Studio\jre\jre\bin\server\jvm.dll
0x00007ffe44d80000 - 0x00007ffe44d88000 	C:\WINDOWS\System32\PSAPI.DLL
0x00007ffe367e0000 - 0x00007ffe367e9000 	C:\WINDOWS\SYSTEM32\WSOCK32.dll
0x00007ffe45c50000 - 0x00007ffe45cbc000 	C:\WINDOWS\System32\WS2_32.dll
0x00007ffe41d60000 - 0x00007ffe41d83000 	C:\WINDOWS\SYSTEM32\WINMM.dll
0x00007ffe381a0000 - 0x00007ffe381aa000 	C:\WINDOWS\SYSTEM32\VERSION.dll
0x00007ffe41d00000 - 0x00007ffe41d2b000 	C:\WINDOWS\SYSTEM32\WINMMBASE.dll
0x00007ffe44ac0000 - 0x00007ffe44b09000 	C:\WINDOWS\System32\cfgmgr32.dll
0x00007ffe3fe80000 - 0x00007ffe3fe8f000 	C:\Program Files\Android\Android Studio\jre\jre\bin\verify.dll
0x00007ffe3b080000 - 0x00007ffe3b0a9000 	C:\Program Files\Android\Android Studio\jre\jre\bin\java.dll
0x00007ffe3be80000 - 0x00007ffe3be96000 	C:\Program Files\Android\Android Studio\jre\jre\bin\zip.dll
0x00007ffe463b0000 - 0x00007ffe477e6000 	C:\WINDOWS\System32\SHELL32.dll
0x00007ffe45f30000 - 0x00007ffe45fda000 	C:\WINDOWS\System32\shcore.dll
0x00007ffe442c0000 - 0x00007ffe449b3000 	C:\WINDOWS\System32\windows.storage.dll
0x00007ffe45cc0000 - 0x00007ffe45d11000 	C:\WINDOWS\System32\shlwapi.dll
0x00007ffe43cd0000 - 0x00007ffe43ce1000 	C:\WINDOWS\System32\kernel.appcore.dll
0x00007ffe43c60000 - 0x00007ffe43cac000 	C:\WINDOWS\System32\powrprof.dll
0x00007ffe43cf0000 - 0x00007ffe43d05000 	C:\WINDOWS\System32\profapi.dll
0x00007ffe3b740000 - 0x00007ffe3b75a000 	C:\Program Files\Android\Android Studio\jre\jre\bin\net.dll
0x00007ffe43570000 - 0x00007ffe435cc000 	C:\WINDOWS\system32\mswsock.dll
0x00007ffe3b680000 - 0x00007ffe3b691000 	C:\Program Files\Android\Android Studio\jre\jre\bin\nio.dll
0x00007ffe40c60000 - 0x00007ffe40c7e000 	C:\Users\Windows 8.1\.gradle\native\23\windows-amd64\native-platform.dll
0x00007ffe43710000 - 0x00007ffe43727000 	C:\WINDOWS\SYSTEM32\CRYPTSP.dll
0x00007ffe43190000 - 0x00007ffe431c4000 	C:\WINDOWS\system32\rsaenh.dll
0x00007ffe43820000 - 0x00007ffe43845000 	C:\WINDOWS\SYSTEM32\bcrypt.dll
0x00007ffe43b90000 - 0x00007ffe43bb9000 	C:\WINDOWS\SYSTEM32\USERENV.dll
0x00007ffe43730000 - 0x00007ffe4373b000 	C:\WINDOWS\SYSTEM32\CRYPTBASE.dll
0x00007ffe43310000 - 0x00007ffe43347000 	C:\WINDOWS\SYSTEM32\IPHLPAPI.DLL
0x00007ffe45f20000 - 0x00007ffe45f28000 	C:\WINDOWS\System32\NSI.dll
0x00007ffe399d0000 - 0x00007ffe399e6000 	C:\WINDOWS\SYSTEM32\dhcpcsvc6.DLL
0x00007ffe399b0000 - 0x00007ffe399ca000 	C:\WINDOWS\SYSTEM32\dhcpcsvc.DLL
0x00007ffe3e6e0000 - 0x00007ffe3e6ed000 	C:\Program Files\Android\Android Studio\jre\jre\bin\management.dll

VM Arguments:
jvm_args: -Xmx1536m -Dfile.encoding=windows-31j -Duser.country=PH -Duser.language=en -Duser.variant 
java_command: org.gradle.launcher.daemon.bootstrap.GradleDaemon 3.3
java_class_path (initial): C:\Users\Windows 8.1\.gradle\wrapper\dists\gradle-3.3-all\55gk2rcmfc6p2dg9u9ohc3hw9\gradle-3.3\lib\gradle-launcher-3.3.jar
Launcher Type: SUN_STANDARD

Environment Variables:
JAVA_HOME=C:\Program Files\Java\jdk1.8.0_144
PATH=C:\ProgramData\Oracle\Java\javapath;C:\Python27;C:\Program Files\Broadcom\Broadcom 802.11 Network Adapter;C:\Program Files (x86)\NVIDIA Corporation\PhysX\Common;C:\Program Files\Broadcom\Broadcom 802.11;C:\Program Files (x86)\Intel\iCLS Client\;C:\Program Files\Intel\iCLS Client\;C:\WINDOWS\system32;C:\WINDOWS;C:\WINDOWS\System32\Wbem;C:\WINDOWS\System32\WindowsPowerShell\v1.0\;C:\Program Files\Intel\Intel(R) Management Engine Components\DAL;C:\Program Files (x86)\Intel\Intel(R) Management Engine Components\DAL;C:\Program Files\Intel\Intel(R) Management Engine Components\IPT;C:\Program Files (x86)\Intel\Intel(R) Management Engine Components\IPT;c:\Program Files (x86)\ATI Technologies\ATI.ACE\Core-Static;C:\Program Files\Hewlett-Packard\SimplePass\;C:\Program Files\nodejs\;C:\Program Files (x86)\Skype\Phone\;C:\Program Files\MySQL\MySQL Utilities 1.6\;C:\Users\Windows 8.1\Miniconda2;C:\Users\Windows 8.1\Miniconda2\Scripts;C:\Users\Windows 8.1\Miniconda2\Library\bin;C:\Program Files\Broadcom\Broadcom 802.11 Network Adapter;C:\Program Files (x86)\NVIDIA Corporation\PhysX\Common;C:\Program Files\Broadcom\Broadcom 802.11;C:\Program Files (x86)\Intel\iCLS Client\;C:\Program Files\Intel\iCLS Client\;C:\WINDOWS\system32;C:\WINDOWS\xampp\php;C:\WINDOWS\System32\Wbem;C:\WINDOWS\System32\WindowsPowerShell\v1.0\;C:\Program Files\Intel\Intel(R) Management Engine Components\DAL;C:\Program Files (x86)\Intel\Intel(R) Management Engine Components\DAL;C:\Program Files\Intel\Intel(R) Management Engine Components\IPT;C:\Program Files (x86)\Intel\Intel(R) Management Engine Components\IPT;c:\Program Files (x86)\ATI Technologies\ATI.ACE\Core-Static;C:\Program Files\Hewlett-Packard\SimplePass\;C:\Program Files (x86)\QuickTime\QTSystem\;C:\Program Files (x86)\Skype\Phone\;C:\Users\Windows 8.1\AppData\Local\Microsoft\WindowsApps;C:\Users\Windows 8.1\AppData\Roaming\npm;C:\Python27\;C:\Python27\Scripts\;C:\Program Files\Java\jdk1.8.0_121\bin;C:\Program Files\Java\jre1.8.0_121\bin;
USERNAME=ESPINA
OS=Windows_NT
PROCESSOR_IDENTIFIER=Intel64 Family 6 Model 61 Stepping 4, GenuineIntel



---------------  S Y S T E M  ---------------

OS: Windows 10.0 , 64 bit Build 15063 (10.0.15063.296)

CPU:total 4 (2 cores per cpu, 2 threads per core) family 6 model 61 stepping 4, cmov, cx8, fxsr, mmx, sse, sse2, sse3, ssse3, sse4.1, sse4.2, popcnt, avx, avx2, aes, clmul, erms, 3dnowpref, lzcnt, ht, tsc, tscinvbit, bmi1, bmi2, adx

Memory: 4k page, physical 4107276k(283564k free), swap 6695948k(8984k free)

vm_info: OpenJDK 64-Bit Server VM (25.112-b06) for windows-amd64 JRE (1.8.0_112-release-b06), built on Dec  8 2016 00:54:26 by "builder" with MS VC++ 10.0 (VS2010)

time: Thu Oct 05 07:55:30 2017
elapsed time: 385 seconds (0d 0h 6m 25s)

