#
# There is insufficient memory for the Java Runtime Environment to continue.
# Native memory allocation (malloc) failed to allocate 1514032 bytes for Chunk::new
# Possible reasons:
#   The system is out of physical RAM or swap space
#   In 32 bit mode, the process size limit was hit
# Possible solutions:
#   Reduce memory load on the system
#   Increase physical memory or swap space
#   Check if swap backing store is full
#   Use 64 bit Java on a 64 bit OS
#   Decrease Java heap size (-Xmx/-Xms)
#   Decrease number of Java threads
#   Decrease Java thread stack sizes (-Xss)
#   Set larger code cache with -XX:ReservedCodeCacheSize=
# This output file may be truncated or incomplete.
#
#  Out of Memory Error (allocation.cpp:390), pid=10140, tid=0x00000000000028f4
#
# JRE version: OpenJDK Runtime Environment (8.0_112-b06) (build 1.8.0_112-release-b06)
# Java VM: OpenJDK 64-Bit Server VM (25.112-b06 mixed mode windows-amd64 compressed oops)
# Failed to write core dump. Minidumps are not enabled by default on client versions of Windows
#

---------------  T H R E A D  ---------------

Current thread (0x000000001636f800):  JavaThread "C2 CompilerThread0" daemon [_thread_in_native, id=10484, stack(0x00000000179b0000,0x0000000017ab0000)]

Stack: [0x00000000179b0000,0x0000000017ab0000]
[error occurred during error reporting (printing stack bounds), id 0xc0000005]

Native frames: (J=compiled Java code, j=interpreted, Vv=VM code, C=native code)


Current CompileTask:
C2:1480681 15664       4       com.android.dx.dex.cf.CfTranslator::translate0 (265 bytes)


---------------  P R O C E S S  ---------------

Java Threads: ( => current thread )
  0x000000001ebe5000 JavaThread "pool-15-thread-4" [_thread_blocked, id=10580, stack(0x0000000026790000,0x0000000026890000)]
  0x000000001ebe8000 JavaThread "pool-15-thread-3" [_thread_blocked, id=10808, stack(0x0000000026690000,0x0000000026790000)]
  0x000000001ebe4000 JavaThread "pool-15-thread-2" [_thread_blocked, id=10196, stack(0x0000000026590000,0x0000000026690000)]
  0x000000001ebdc800 JavaThread "pool-16-thread-1" [_thread_blocked, id=11356, stack(0x0000000026490000,0x0000000026590000)]
  0x000000001ebe2800 JavaThread "pool-15-thread-1" [_thread_in_Java, id=3612, stack(0x0000000026390000,0x0000000026490000)]
  0x000000001ebdb800 JavaThread "pool-8-thread-4" [_thread_in_native, id=9912, stack(0x0000000026290000,0x0000000026390000)]
  0x000000001ebe1800 JavaThread "Cache update executor" [_thread_blocked, id=8312, stack(0x0000000026190000,0x0000000026290000)]
  0x000000001ebe1000 JavaThread "Stdin handler" [_thread_blocked, id=12264, stack(0x0000000026090000,0x0000000026190000)]
  0x000000001ebdf800 JavaThread "Asynchronous log dispatcher for DefaultDaemonConnection: socket connection from /127.0.0.1:63531 to /127.0.0.1:63747" [_thread_blocked, id=1812, stack(0x0000000025f90000,0x0000000026090000)]
  0x000000001ebde800 JavaThread "Daemon worker Thread 3" [_thread_blocked, id=5776, stack(0x0000000025e90000,0x0000000025f90000)]
  0x000000001ebde000 JavaThread "Cancel handler" [_thread_blocked, id=8608, stack(0x0000000025d90000,0x0000000025e90000)]
  0x000000001ebdd000 JavaThread "Handler for socket connection from /127.0.0.1:63531 to /127.0.0.1:63747" [_thread_in_native, id=11988, stack(0x0000000025c90000,0x0000000025d90000)]
  0x000000001ebd8800 JavaThread "Daemon Thread 3" [_thread_blocked, id=9492, stack(0x0000000025b90000,0x0000000025c90000)]
  0x000000001ebe0000 JavaThread "pool-8-thread-3" [_thread_blocked, id=11840, stack(0x0000000025a90000,0x0000000025b90000)]
  0x000000001ebe3800 JavaThread "pool-8-thread-2" [_thread_blocked, id=5792, stack(0x0000000024f90000,0x0000000025090000)]
  0x000000001ebd9800 JavaThread "pool-8-thread-1" [_thread_blocked, id=4076, stack(0x0000000024e90000,0x0000000024f90000)]
  0x0000000019e6b800 JavaThread "File lock request listener" [_thread_in_native, id=10172, stack(0x000000001b9b0000,0x000000001bab0000)]
  0x0000000018804800 JavaThread "pool-1-thread-1" [_thread_blocked, id=8024, stack(0x000000001b6b0000,0x000000001b7b0000)]
  0x000000001995a800 JavaThread "Incoming local TCP Connector on port 63531" [_thread_in_native, id=4108, stack(0x0000000019a80000,0x0000000019b80000)]
  0x0000000017b22000 JavaThread "Service Thread" daemon [_thread_blocked, id=5304, stack(0x00000000180b0000,0x00000000181b0000)]
  0x0000000017b03000 JavaThread "C1 CompilerThread2" daemon [_thread_blocked, id=4888, stack(0x0000000017fb0000,0x00000000180b0000)]
  0x0000000017af8000 JavaThread "C2 CompilerThread1" daemon [_thread_in_native, id=4884, stack(0x0000000017eb0000,0x0000000017fb0000)]
=>0x000000001636f800 JavaThread "C2 CompilerThread0" daemon [_thread_in_native, id=10484, stack(0x00000000179b0000,0x0000000017ab0000)]
  0x000000001636e000 JavaThread "Attach Listener" daemon [_thread_blocked, id=3316, stack(0x00000000178b0000,0x00000000179b0000)]
  0x0000000016358000 JavaThread "Signal Dispatcher" daemon [_thread_blocked, id=612, stack(0x00000000177b0000,0x00000000178b0000)]
  0x00000000029ed000 JavaThread "Finalizer" daemon [_thread_blocked, id=5368, stack(0x00000000175c0000,0x00000000176c0000)]
  0x00000000029e2000 JavaThread "Reference Handler" daemon [_thread_blocked, id=11456, stack(0x00000000174c0000,0x00000000175c0000)]
  0x0000000000b2e000 JavaThread "main" [_thread_blocked, id=3160, stack(0x00000000023f0000,0x00000000024f0000)]

Other Threads:
  0x0000000016326800 VMThread [stack: 0x00000000173c0000,0x00000000174c0000] [id=5332]
  0x0000000017b25800 WatcherThread [stack: 0x00000000181b0000,0x00000000182b0000] [id=10096]

VM state:not at safepoint (normal execution)

VM Mutex/Monitor currently owned by a thread: None

Heap:
 PSYoungGen      total 351744K, used 162876K [0x00000000e0000000, 0x00000000f8980000, 0x0000000100000000)
  eden space 304128K, 53% used [0x00000000e0000000,0x00000000e9f0f1e8,0x00000000f2900000)
  from space 47616K, 0% used [0x00000000f5880000,0x00000000f5880000,0x00000000f8700000)
  to   space 48640K, 0% used [0x00000000f2900000,0x00000000f2900000,0x00000000f5880000)
 ParOldGen       total 186368K, used 186362K [0x00000000a0000000, 0x00000000ab600000, 0x00000000e0000000)
  object space 186368K, 99% used [0x00000000a0000000,0x00000000ab5fea70,0x00000000ab600000)
 Metaspace       used 70988K, capacity 73420K, committed 75520K, reserved 1114112K
  class space    used 8949K, capacity 9518K, committed 9984K, reserved 1048576K

Card table byte_map: [0x0000000011db0000,0x00000000120c0000] byte_map_base: 0x00000000118b0000

Marking Bits: (ParMarkBitMap*) 0x000000006d6c18f0
 Begin Bits: [0x00000000126c0000, 0x0000000013ec0000)
 End Bits:   [0x0000000013ec0000, 0x00000000156c0000)

Polling page: 0x0000000000b10000

CodeCache: size=245760Kb used=46402Kb max_used=46789Kb free=199357Kb
 bounds [0x00000000029f0000, 0x00000000057e0000, 0x00000000119f0000]
 total_blobs=13629 nmethods=12841 adapters=699
 compilation: enabled

Compilation events (10 events):
Event: 1480.297 Thread 0x0000000017af8000 nmethod 15614 0x0000000005676410 code [0x0000000005676560, 0x00000000056765f8]
Event: 1480.297 Thread 0x0000000017af8000 15708       4       com.android.dx.rop.code.RegisterSpec::withSimpleType (59 bytes)
Event: 1480.302 Thread 0x0000000017af8000 nmethod 15708 0x0000000004e4aa50 code [0x0000000004e4abc0, 0x0000000004e4ae48]
Event: 1480.302 Thread 0x0000000017af8000 15712       4       com.android.dx.cf.iface.StdMember::getName (8 bytes)
Event: 1480.303 Thread 0x0000000017af8000 nmethod 15712 0x0000000004f31950 code [0x0000000004f31a80, 0x0000000004f31af8]
Event: 1480.303 Thread 0x0000000017af8000 15710       4       com.android.dx.cf.code.Ropper::<init> (213 bytes)
Event: 1480.305 Thread 0x0000000017b03000 15714       3       com.android.dx.rop.code.RegisterSpec::equals (31 bytes)
Event: 1480.305 Thread 0x0000000017b03000 nmethod 15714 0x000000000518a550 code [0x000000000518a6c0, 0x000000000518aa88]
Event: 1480.313 Thread 0x0000000017b03000 15716       3       com.android.dx.rop.code.RegisterSpec::equals (51 bytes)
Event: 1480.314 Thread 0x0000000017b03000 nmethod 15716 0x0000000004fc04d0 code [0x0000000004fc0660, 0x0000000004fc0bf8]

GC Heap History (10 events):
Event: 1472.522 GC heap before
{Heap before GC invocations=37 (full 5):
 PSYoungGen      total 238592K, used 199680K [0x00000000e0000000, 0x00000000f4700000, 0x0000000100000000)
  eden space 199680K, 100% used [0x00000000e0000000,0x00000000ec300000,0x00000000ec300000)
  from space 38912K, 0% used [0x00000000ec300000,0x00000000ec300000,0x00000000ee900000)
  to   space 41984K, 0% used [0x00000000f1e00000,0x00000000f1e00000,0x00000000f4700000)
 ParOldGen       total 185856K, used 122887K [0x00000000a0000000, 0x00000000ab580000, 0x00000000e0000000)
  object space 185856K, 66% used [0x00000000a0000000,0x00000000a7801f58,0x00000000ab580000)
 Metaspace       used 72188K, capacity 75310K, committed 75520K, reserved 1114112K
  class space    used 9209K, capacity 9911K, committed 9984K, reserved 1048576K
Event: 1472.588 GC heap after
Heap after GC invocations=37 (full 5):
 PSYoungGen      total 290816K, used 29274K [0x00000000e0000000, 0x00000000f4c00000, 0x0000000100000000)
  eden space 248832K, 0% used [0x00000000e0000000,0x00000000e0000000,0x00000000ef300000)
  from space 41984K, 69% used [0x00000000f1e00000,0x00000000f3a96a80,0x00000000f4700000)
  to   space 44032K, 0% used [0x00000000ef300000,0x00000000ef300000,0x00000000f1e00000)
 ParOldGen       total 185856K, used 122895K [0x00000000a0000000, 0x00000000ab580000, 0x00000000e0000000)
  object space 185856K, 66% used [0x00000000a0000000,0x00000000a7803f58,0x00000000ab580000)
 Metaspace       used 72188K, capacity 75310K, committed 75520K, reserved 1114112K
  class space    used 9209K, capacity 9911K, committed 9984K, reserved 1048576K
}
Event: 1473.469 GC heap before
{Heap before GC invocations=38 (full 5):
 PSYoungGen      total 290816K, used 278106K [0x00000000e0000000, 0x00000000f4c00000, 0x0000000100000000)
  eden space 248832K, 100% used [0x00000000e0000000,0x00000000ef300000,0x00000000ef300000)
  from space 41984K, 69% used [0x00000000f1e00000,0x00000000f3a96a80,0x00000000f4700000)
  to   space 44032K, 0% used [0x00000000ef300000,0x00000000ef300000,0x00000000f1e00000)
 ParOldGen       total 185856K, used 122895K [0x00000000a0000000, 0x00000000ab580000, 0x00000000e0000000)
  object space 185856K, 66% used [0x00000000a0000000,0x00000000a7803f58,0x00000000ab580000)
 Metaspace       used 72191K, capacity 75310K, committed 75520K, reserved 1114112K
  class space    used 9209K, capacity 9911K, committed 9984K, reserved 1048576K
Event: 1473.705 GC heap after
Heap after GC invocations=38 (full 5):
 PSYoungGen      total 292864K, used 35463K [0x00000000e0000000, 0x00000000f8700000, 0x0000000100000000)
  eden space 248832K, 0% used [0x00000000e0000000,0x00000000e0000000,0x00000000ef300000)
  from space 44032K, 80% used [0x00000000ef300000,0x00000000f15a1ca0,0x00000000f1e00000)
  to   space 47616K, 0% used [0x00000000f5880000,0x00000000f5880000,0x00000000f8700000)
 ParOldGen       total 185856K, used 151100K [0x00000000a0000000, 0x00000000ab580000, 0x00000000e0000000)
  object space 185856K, 81% used [0x00000000a0000000,0x00000000a938f160,0x00000000ab580000)
 Metaspace       used 72191K, capacity 75310K, committed 75520K, reserved 1114112K
  class space    used 9209K, capacity 9911K, committed 9984K, reserved 1048576K
}
Event: 1475.275 GC heap before
{Heap before GC invocations=39 (full 5):
 PSYoungGen      total 292864K, used 284295K [0x00000000e0000000, 0x00000000f8700000, 0x0000000100000000)
  eden space 248832K, 100% used [0x00000000e0000000,0x00000000ef300000,0x00000000ef300000)
  from space 44032K, 80% used [0x00000000ef300000,0x00000000f15a1ca0,0x00000000f1e00000)
  to   space 47616K, 0% used [0x00000000f5880000,0x00000000f5880000,0x00000000f8700000)
 ParOldGen       total 185856K, used 151100K [0x00000000a0000000, 0x00000000ab580000, 0x00000000e0000000)
  object space 185856K, 81% used [0x00000000a0000000,0x00000000a938f160,0x00000000ab580000)
 Metaspace       used 72197K, capacity 75310K, committed 75520K, reserved 1114112K
  class space    used 9209K, capacity 9911K, committed 9984K, reserved 1048576K
Event: 1475.462 GC heap after
Heap after GC invocations=39 (full 5):
 PSYoungGen      total 351744K, used 30130K [0x00000000e0000000, 0x00000000f8980000, 0x0000000100000000)
  eden space 304128K, 0% used [0x00000000e0000000,0x00000000e0000000,0x00000000f2900000)
  from space 47616K, 63% used [0x00000000f5880000,0x00000000f75eca80,0x00000000f8700000)
  to   space 48640K, 0% used [0x00000000f2900000,0x00000000f2900000,0x00000000f5880000)
 ParOldGen       total 185856K, used 184484K [0x00000000a0000000, 0x00000000ab580000, 0x00000000e0000000)
  object space 185856K, 99% used [0x00000000a0000000,0x00000000ab4290f0,0x00000000ab580000)
 Metaspace       used 72197K, capacity 75310K, committed 75520K, reserved 1114112K
  class space    used 9209K, capacity 9911K, committed 9984K, reserved 1048576K
}
Event: 1475.462 GC heap before
{Heap before GC invocations=40 (full 6):
 PSYoungGen      total 351744K, used 30130K [0x00000000e0000000, 0x00000000f8980000, 0x0000000100000000)
  eden space 304128K, 0% used [0x00000000e0000000,0x00000000e0000000,0x00000000f2900000)
  from space 47616K, 63% used [0x00000000f5880000,0x00000000f75eca80,0x00000000f8700000)
  to   space 48640K, 0% used [0x00000000f2900000,0x00000000f2900000,0x00000000f5880000)
 ParOldGen       total 185856K, used 184484K [0x00000000a0000000, 0x00000000ab580000, 0x00000000e0000000)
  object space 185856K, 99% used [0x00000000a0000000,0x00000000ab4290f0,0x00000000ab580000)
 Metaspace       used 72197K, capacity 75310K, committed 75520K, reserved 1114112K
  class space    used 9209K, capacity 9911K, committed 9984K, reserved 1048576K
Event: 1477.277 GC heap after
Heap after GC invocations=40 (full 6):
 PSYoungGen      total 351744K, used 24776K [0x00000000e0000000, 0x00000000f8980000, 0x0000000100000000)
  eden space 304128K, 0% used [0x00000000e0000000,0x00000000e0000000,0x00000000f2900000)
  from space 47616K, 52% used [0x00000000f5880000,0x00000000f70b2350,0x00000000f8700000)
  to   space 48640K, 0% used [0x00000000f2900000,0x00000000f2900000,0x00000000f5880000)
 ParOldGen       total 185856K, used 185705K [0x00000000a0000000, 0x00000000ab580000, 0x00000000e0000000)
  object space 185856K, 99% used [0x00000000a0000000,0x00000000ab55a6a8,0x00000000ab580000)
 Metaspace       used 72184K, capacity 75286K, committed 75520K, reserved 1114112K
  class space    used 9206K, capacity 9905K, committed 9984K, reserved 1048576K
}
Event: 1478.408 GC heap before
{Heap before GC invocations=41 (full 7):
 PSYoungGen      total 351744K, used 328904K [0x00000000e0000000, 0x00000000f8980000, 0x0000000100000000)
  eden space 304128K, 100% used [0x00000000e0000000,0x00000000f2900000,0x00000000f2900000)
  from space 47616K, 52% used [0x00000000f5880000,0x00000000f70b2350,0x00000000f8700000)
  to   space 48640K, 0% used [0x00000000f2900000,0x00000000f2900000,0x00000000f5880000)
 ParOldGen       total 186368K, used 186050K [0x00000000a0000000, 0x00000000ab600000, 0x00000000e0000000)
  object space 186368K, 99% used [0x00000000a0000000,0x00000000ab5b0998,0x00000000ab600000)
 Metaspace       used 72194K, capacity 75286K, committed 75520K, reserved 1114112K
  class space    used 9206K, capacity 9905K, committed 9984K, reserved 1048576K
Event: 1479.917 GC heap after
Heap after GC invocations=41 (full 7):
 PSYoungGen      total 351744K, used 55273K [0x00000000e0000000, 0x00000000f8980000, 0x0000000100000000)
  eden space 304128K, 18% used [0x00000000e0000000,0x00000000e35fa630,0x00000000f2900000)
  from space 47616K, 0% used [0x00000000f5880000,0x00000000f5880000,0x00000000f8700000)
  to   space 48640K, 0% used [0x00000000f2900000,0x00000000f2900000,0x00000000f5880000)
 ParOldGen       total 186368K, used 186362K [0x00000000a0000000, 0x00000000ab600000, 0x00000000e0000000)
  object space 186368K, 99% used [0x00000000a0000000,0x00000000ab5fea70,0x00000000ab600000)
 Metaspace       used 70987K, capacity 73420K, committed 75520K, reserved 1114112K
  class space    used 8949K, capacity 9518K, committed 9984K, reserved 1048576K
}

Deoptimization events (10 events):
Event: 1477.855 Thread 0x000000001ebdb800 Uncommon trap: reason=unstable_if action=reinterpret pc=0x0000000005385fdc method=com.android.dx.ssa.SsaMethod.getExitBlock()Lcom/android/dx/ssa/SsaBasicBlock; @ 4
Event: 1477.856 Thread 0x000000001ebdb800 Uncommon trap: reason=unstable_if action=reinterpret pc=0x0000000004879d34 method=com.android.dx.ssa.SsaMethod.getExitBlock()Lcom/android/dx/ssa/SsaBasicBlock; @ 4
Event: 1477.856 Thread 0x000000001ebdb800 Uncommon trap: reason=unstable_if action=reinterpret pc=0x000000000516d884 method=com.android.dx.ssa.SsaMethod.getExitBlock()Lcom/android/dx/ssa/SsaBasicBlock; @ 4
Event: 1477.856 Thread 0x000000001ebdb800 Uncommon trap: reason=unstable_if action=reinterpret pc=0x000000000563cb04 method=com.android.dx.ssa.SsaMethod.getExitBlock()Lcom/android/dx/ssa/SsaBasicBlock; @ 4
Event: 1477.856 Thread 0x000000001ebdb800 Uncommon trap: reason=unstable_if action=reinterpret pc=0x0000000005323e9c method=com.android.dx.ssa.SsaMethod.getExitBlock()Lcom/android/dx/ssa/SsaBasicBlock; @ 4
Event: 1478.288 Thread 0x000000001ebe5000 Uncommon trap: reason=unstable_if action=reinterpret pc=0x00000000056b0ae0 method=com.android.dx.rop.code.LocalVariableExtractor.processBlock(I)V @ 208
Event: 1478.369 Thread 0x000000001ebdb800 Uncommon trap: reason=unstable_if action=reinterpret pc=0x00000000048f1268 method=com.android.dx.rop.code.RegisterSpec.equals(ILcom/android/dx/rop/type/TypeBearer;Lcom/android/dx/rop/code/LocalItem;)Z @ 42
Event: 1479.928 Thread 0x000000001ebe5000 Uncommon trap: reason=class_check action=maybe_recompile pc=0x00000000056a8fec method=com.android.dx.ssa.ConstCollector.getConstsSortedByCountUse()Ljava/util/ArrayList; @ 282
Event: 1479.932 Thread 0x000000001ebe5000 Uncommon trap: reason=unstable_if action=reinterpret pc=0x000000000329d21c method=java.util.HashMap.getNode(ILjava/lang/Object;)Ljava/util/HashMap$Node; @ 84
Event: 1479.932 Thread 0x000000001ebe5000 Uncommon trap: reason=unstable_if action=reinterpret pc=0x000000000327482c method=java.util.HashMap.getNode(ILjava/lang/Object;)Ljava/util/HashMap$Node; @ 84

Internal exceptions (10 events):
Event: 1456.318 Thread 0x000000001ebde800 Exception <a 'sun/nio/fs/WindowsException'> (0x00000000e1cbf200) thrown at [C:\src\android\AOSP-openjdk\external\jetbrains\jdk\hotspot\src\share\vm\prims\jni.cpp, line 709]
Event: 1456.318 Thread 0x000000001ebde800 Exception <a 'sun/nio/fs/WindowsException'> (0x00000000e1cbfe20) thrown at [C:\src\android\AOSP-openjdk\external\jetbrains\jdk\hotspot\src\share\vm\prims\jni.cpp, line 709]
Event: 1456.318 Thread 0x000000001ebde800 Exception <a 'sun/nio/fs/WindowsException'> (0x00000000e1cc1a88) thrown at [C:\src\android\AOSP-openjdk\external\jetbrains\jdk\hotspot\src\share\vm\prims\jni.cpp, line 709]
Event: 1456.318 Thread 0x000000001ebde800 Exception <a 'sun/nio/fs/WindowsException'> (0x00000000e1cc26e0) thrown at [C:\src\android\AOSP-openjdk\external\jetbrains\jdk\hotspot\src\share\vm\prims\jni.cpp, line 709]
Event: 1456.319 Thread 0x000000001ebde800 Exception <a 'sun/nio/fs/WindowsException'> (0x00000000e1cc5650) thrown at [C:\src\android\AOSP-openjdk\external\jetbrains\jdk\hotspot\src\share\vm\prims\jni.cpp, line 709]
Event: 1456.319 Thread 0x000000001ebde800 Exception <a 'sun/nio/fs/WindowsException'> (0x00000000e1cc6348) thrown at [C:\src\android\AOSP-openjdk\external\jetbrains\jdk\hotspot\src\share\vm\prims\jni.cpp, line 709]
Event: 1456.319 Thread 0x000000001ebde800 Exception <a 'sun/nio/fs/WindowsException'> (0x00000000e1cc8078) thrown at [C:\src\android\AOSP-openjdk\external\jetbrains\jdk\hotspot\src\share\vm\prims\jni.cpp, line 709]
Event: 1456.319 Thread 0x000000001ebde800 Exception <a 'sun/nio/fs/WindowsException'> (0x00000000e1cc8db0) thrown at [C:\src\android\AOSP-openjdk\external\jetbrains\jdk\hotspot\src\share\vm\prims\jni.cpp, line 709]
Event: 1471.803 Thread 0x000000001ebe2800 Implicit null exception at 0x00000000056607be to 0x00000000056618a6
Event: 1474.531 Thread 0x000000001ebe8000 Implicit null exception at 0x0000000004f5df80 to 0x0000000004f5f27d

Events (10 events):
Event: 1480.139 Thread 0x0000000017af8000 flushing nmethod 0x000000000551cd10
Event: 1480.139 Thread 0x0000000017af8000 flushing nmethod 0x000000000554c390
Event: 1480.139 Thread 0x0000000017af8000 flushing nmethod 0x000000000557cb10
Event: 1480.139 Thread 0x0000000017af8000 flushing nmethod 0x00000000055dfa10
Event: 1480.139 Thread 0x0000000017af8000 flushing nmethod 0x00000000055e1210
Event: 1480.139 Thread 0x0000000017af8000 flushing nmethod 0x00000000055f2910
Event: 1480.140 Thread 0x0000000017af8000 flushing nmethod 0x000000000565f750
Event: 1480.140 Thread 0x0000000017af8000 flushing nmethod 0x000000000567a710
Event: 1480.315 Thread 0x000000001ebe4000 DEOPT PACKING pc=0x0000000004fdaa5b sp=0x000000002668f040
Event: 1480.315 Thread 0x000000001ebe4000 DEOPT UNPACKING pc=0x0000000002a375bf sp=0x000000002668ee18 mode 0


Dynamic libraries:
0x00007ff6ffc30000 - 0x00007ff6ffc61000 	C:\Program Files\Android\Android Studio\jre\bin\java.exe
0x00007ffe477f0000 - 0x00007ffe479cb000 	C:\WINDOWS\SYSTEM32\ntdll.dll
0x00007ffe2a030000 - 0x00007ffe2a063000 	C:\Program Files\AVAST Software\Avast\x64\aswhooka.dll
0x00007ffe454c0000 - 0x00007ffe4556e000 	C:\WINDOWS\System32\KERNEL32.DLL
0x00007ffe43e20000 - 0x00007ffe44069000 	C:\WINDOWS\System32\KERNELBASE.dll
0x00007ffe452a0000 - 0x00007ffe45341000 	C:\WINDOWS\System32\ADVAPI32.dll
0x00007ffe45200000 - 0x00007ffe4529d000 	C:\WINDOWS\System32\msvcrt.dll
0x00007ffe46110000 - 0x00007ffe46169000 	C:\WINDOWS\System32\sechost.dll
0x00007ffe46170000 - 0x00007ffe46295000 	C:\WINDOWS\System32\RPCRT4.dll
0x00007ffe44db0000 - 0x00007ffe44efa000 	C:\WINDOWS\System32\USER32.dll
0x00007ffe44070000 - 0x00007ffe4408e000 	C:\WINDOWS\System32\win32u.dll
0x00007ffe44d50000 - 0x00007ffe44d77000 	C:\WINDOWS\System32\GDI32.dll
0x00007ffe44130000 - 0x00007ffe442b8000 	C:\WINDOWS\System32\gdi32full.dll
0x00007ffe44090000 - 0x00007ffe4412a000 	C:\WINDOWS\System32\msvcp_win.dll
0x00007ffe449c0000 - 0x00007ffe44ab6000 	C:\WINDOWS\System32\ucrtbase.dll
0x00007ffe38860000 - 0x00007ffe38ac7000 	C:\WINDOWS\WinSxS\amd64_microsoft.windows.common-controls_6595b64144ccf1df_6.0.15063.483_none_26002d27e7c744a2\COMCTL32.dll
0x00007ffe44f00000 - 0x00007ffe451f9000 	C:\WINDOWS\System32\combase.dll
0x00007ffe44ce0000 - 0x00007ffe44d4a000 	C:\WINDOWS\System32\bcryptPrimitives.dll
0x00007ffe45690000 - 0x00007ffe456bd000 	C:\WINDOWS\System32\IMM32.DLL
0x000000006ce20000 - 0x000000006cef2000 	C:\Program Files\Android\Android Studio\jre\jre\bin\msvcr100.dll
0x000000006cf00000 - 0x000000006d73c000 	C:\Program Files\Android\Android Studio\jre\jre\bin\server\jvm.dll
0x00007ffe44d80000 - 0x00007ffe44d88000 	C:\WINDOWS\System32\PSAPI.DLL
0x00007ffe367e0000 - 0x00007ffe367e9000 	C:\WINDOWS\SYSTEM32\WSOCK32.dll
0x00007ffe45c50000 - 0x00007ffe45cbc000 	C:\WINDOWS\System32\WS2_32.dll
0x00007ffe41d60000 - 0x00007ffe41d83000 	C:\WINDOWS\SYSTEM32\WINMM.dll
0x00007ffe381a0000 - 0x00007ffe381aa000 	C:\WINDOWS\SYSTEM32\VERSION.dll
0x00007ffe41d00000 - 0x00007ffe41d2b000 	C:\WINDOWS\SYSTEM32\WINMMBASE.dll
0x00007ffe44ac0000 - 0x00007ffe44b09000 	C:\WINDOWS\System32\cfgmgr32.dll
0x00007ffe3fe80000 - 0x00007ffe3fe8f000 	C:\Program Files\Android\Android Studio\jre\jre\bin\verify.dll
0x00007ffe3b080000 - 0x00007ffe3b0a9000 	C:\Program Files\Android\Android Studio\jre\jre\bin\java.dll
0x00007ffe3be80000 - 0x00007ffe3be96000 	C:\Program Files\Android\Android Studio\jre\jre\bin\zip.dll
0x00007ffe463b0000 - 0x00007ffe477e6000 	C:\WINDOWS\System32\SHELL32.dll
0x00007ffe45f30000 - 0x00007ffe45fda000 	C:\WINDOWS\System32\shcore.dll
0x00007ffe442c0000 - 0x00007ffe449b3000 	C:\WINDOWS\System32\windows.storage.dll
0x00007ffe45cc0000 - 0x00007ffe45d11000 	C:\WINDOWS\System32\shlwapi.dll
0x00007ffe43cd0000 - 0x00007ffe43ce1000 	C:\WINDOWS\System32\kernel.appcore.dll
0x00007ffe43c60000 - 0x00007ffe43cac000 	C:\WINDOWS\System32\powrprof.dll
0x00007ffe43cf0000 - 0x00007ffe43d05000 	C:\WINDOWS\System32\profapi.dll
0x00007ffe3b740000 - 0x00007ffe3b75a000 	C:\Program Files\Android\Android Studio\jre\jre\bin\net.dll
0x00007ffe43570000 - 0x00007ffe435cc000 	C:\WINDOWS\system32\mswsock.dll
0x00007ffe3b680000 - 0x00007ffe3b691000 	C:\Program Files\Android\Android Studio\jre\jre\bin\nio.dll
0x00007ffe40c60000 - 0x00007ffe40c7e000 	C:\Users\Windows 8.1\.gradle\native\23\windows-amd64\native-platform.dll
0x00007ffe43710000 - 0x00007ffe43727000 	C:\WINDOWS\SYSTEM32\CRYPTSP.dll
0x00007ffe43190000 - 0x00007ffe431c4000 	C:\WINDOWS\system32\rsaenh.dll
0x00007ffe43820000 - 0x00007ffe43845000 	C:\WINDOWS\SYSTEM32\bcrypt.dll
0x00007ffe43b90000 - 0x00007ffe43bb9000 	C:\WINDOWS\SYSTEM32\USERENV.dll
0x00007ffe43730000 - 0x00007ffe4373b000 	C:\WINDOWS\SYSTEM32\CRYPTBASE.dll
0x00007ffe43310000 - 0x00007ffe43347000 	C:\WINDOWS\SYSTEM32\IPHLPAPI.DLL
0x00007ffe45f20000 - 0x00007ffe45f28000 	C:\WINDOWS\System32\NSI.dll
0x00007ffe399d0000 - 0x00007ffe399e6000 	C:\WINDOWS\SYSTEM32\dhcpcsvc6.DLL
0x00007ffe399b0000 - 0x00007ffe399ca000 	C:\WINDOWS\SYSTEM32\dhcpcsvc.DLL
0x00007ffe3e6e0000 - 0x00007ffe3e6ed000 	C:\Program Files\Android\Android Studio\jre\jre\bin\management.dll

VM Arguments:
jvm_args: -Xmx1536m -Dfile.encoding=windows-31j -Duser.country=PH -Duser.language=en -Duser.variant 
java_command: org.gradle.launcher.daemon.bootstrap.GradleDaemon 3.3
java_class_path (initial): C:\Users\Windows 8.1\.gradle\wrapper\dists\gradle-3.3-all\55gk2rcmfc6p2dg9u9ohc3hw9\gradle-3.3\lib\gradle-launcher-3.3.jar
Launcher Type: SUN_STANDARD

Environment Variables:
JAVA_HOME=C:\Program Files\Java\jdk1.8.0_144
PATH=C:\ProgramData\Oracle\Java\javapath;C:\Python27;C:\Program Files\Broadcom\Broadcom 802.11 Network Adapter;C:\Program Files (x86)\NVIDIA Corporation\PhysX\Common;C:\Program Files\Broadcom\Broadcom 802.11;C:\Program Files (x86)\Intel\iCLS Client\;C:\Program Files\Intel\iCLS Client\;C:\WINDOWS\system32;C:\WINDOWS;C:\WINDOWS\System32\Wbem;C:\WINDOWS\System32\WindowsPowerShell\v1.0\;C:\Program Files\Intel\Intel(R) Management Engine Components\DAL;C:\Program Files (x86)\Intel\Intel(R) Management Engine Components\DAL;C:\Program Files\Intel\Intel(R) Management Engine Components\IPT;C:\Program Files (x86)\Intel\Intel(R) Management Engine Components\IPT;c:\Program Files (x86)\ATI Technologies\ATI.ACE\Core-Static;C:\Program Files\Hewlett-Packard\SimplePass\;C:\Program Files\nodejs\;C:\Program Files (x86)\Skype\Phone\;C:\Program Files\MySQL\MySQL Utilities 1.6\;C:\Users\Windows 8.1\Miniconda2;C:\Users\Windows 8.1\Miniconda2\Scripts;C:\Users\Windows 8.1\Miniconda2\Library\bin;C:\Program Files\Broadcom\Broadcom 802.11 Network Adapter;C:\Program Files (x86)\NVIDIA Corporation\PhysX\Common;C:\Program Files\Broadcom\Broadcom 802.11;C:\Program Files (x86)\Intel\iCLS Client\;C:\Program Files\Intel\iCLS Client\;C:\WINDOWS\system32;C:\WINDOWS\xampp\php;C:\WINDOWS\System32\Wbem;C:\WINDOWS\System32\WindowsPowerShell\v1.0\;C:\Program Files\Intel\Intel(R) Management Engine Components\DAL;C:\Program Files (x86)\Intel\Intel(R) Management Engine Components\DAL;C:\Program Files\Intel\Intel(R) Management Engine Components\IPT;C:\Program Files (x86)\Intel\Intel(R) Management Engine Components\IPT;c:\Program Files (x86)\ATI Technologies\ATI.ACE\Core-Static;C:\Program Files\Hewlett-Packard\SimplePass\;C:\Program Files (x86)\QuickTime\QTSystem\;C:\Program Files (x86)\Skype\Phone\;C:\Users\Windows 8.1\AppData\Local\Microsoft\WindowsApps;C:\Users\Windows 8.1\AppData\Roaming\npm;C:\Python27\;C:\Python27\Scripts\;C:\Program Files\Java\jdk1.8.0_121\bin;C:\Program Files\Java\jre1.8.0_121\bin;
USERNAME=ESPINA
OS=Windows_NT
PROCESSOR_IDENTIFIER=Intel64 Family 6 Model 61 Stepping 4, GenuineIntel



---------------  S Y S T E M  ---------------

OS: Windows 10.0 , 64 bit Build 15063 (10.0.15063.296)

CPU:total 4 (2 cores per cpu, 2 threads per core) family 6 model 61 stepping 4, cmov, cx8, fxsr, mmx, sse, sse2, sse3, ssse3, sse4.1, sse4.2, popcnt, avx, avx2, aes, clmul, erms, 3dnowpref, lzcnt, ht, tsc, tscinvbit, bmi1, bmi2, adx

Memory: 4k page, physical 4107276k(236396k free), swap 6695948k(7776k free)

vm_info: OpenJDK 64-Bit Server VM (25.112-b06) for windows-amd64 JRE (1.8.0_112-release-b06), built on Dec  8 2016 00:54:26 by "builder" with MS VC++ 10.0 (VS2010)

time: Thu Oct 05 07:48:47 2017
elapsed time: 1481 seconds (0d 0h 24m 41s)

